<?xml version="1.0" encoding="UTF-8"?>
<robot generator="Robot 4.0.3 (Python 3.9.6 on darwin)" generated="20210914 12:04:05.606" rpa="false" schemaversion="2">
<suite id="s1" name="LoginTest" source="/Users/bambadia/GUI_Grudemo_SystemTest/Tests/e2e/Grudemo/LoginTest.robot">
<test id="s1-t1" name="Verify sucessfull login">
<kw name="Open Browser and Maximize it" library="BaseTest" type="SETUP">
<doc>Open the browser and Maximize it</doc>
<kw name="Open Browser" library="SeleniumLibrary">
<arg>${url.${env}}</arg>
<arg>${Browser.${BROWSER_NAME}}</arg>
<doc>Opens a new browser instance to the optional ``url``.</doc>
<msg timestamp="20210914 12:04:05.739" level="INFO">Opening browser 'chrome' to base url 'https://grudemo.communaute-capdemat.fr'.</msg>
<status status="PASS" starttime="20210914 12:04:05.737" endtime="20210914 12:04:11.115"/>
</kw>
<kw name="Maximize Browser Window" library="SeleniumLibrary">
<doc>Maximizes current browser window.</doc>
<status status="PASS" starttime="20210914 12:04:11.115" endtime="20210914 12:04:11.291"/>
</kw>
<status status="PASS" starttime="20210914 12:04:05.737" endtime="20210914 12:04:11.291"/>
</kw>
<kw name="Login with successful credentials" library="LoginPage">
<kw name="Enter username" library="LoginPage">
<arg>${DEFAULT_USERNAME}</arg>
<kw name="Input Text data" library="BaseTest">
<arg>${username}</arg>
<arg>${user-name}</arg>
<doc>Override the keyword Input Text</doc>
<kw name="Wait Until Element Is Visible" library="SeleniumLibrary">
<arg>${selector}</arg>
<arg>${EXPLICIT_WAIT_TIMEOUT}</arg>
<doc>Waits until the element ``locator`` is visible.</doc>
<status status="PASS" starttime="20210914 12:04:11.293" endtime="20210914 12:04:11.346"/>
</kw>
<kw name="Input Text" library="SeleniumLibrary">
<arg>${selector}</arg>
<arg>${textValue}</arg>
<doc>Types the given ``text`` into the text field identified by ``locator``.</doc>
<msg timestamp="20210914 12:04:11.347" level="INFO">Typing text 'agiltoo-admin' into text field 'id:user_name'.</msg>
<status status="PASS" starttime="20210914 12:04:11.347" endtime="20210914 12:04:11.548"/>
</kw>
<status status="PASS" starttime="20210914 12:04:11.292" endtime="20210914 12:04:11.548"/>
</kw>
<kw name="Log" library="BuiltIn">
<arg>Type the ${user-name}</arg>
<doc>Logs the given message with the given level.</doc>
<msg timestamp="20210914 12:04:11.548" level="INFO">Type the agiltoo-admin</msg>
<status status="PASS" starttime="20210914 12:04:11.548" endtime="20210914 12:04:11.548"/>
</kw>
<status status="PASS" starttime="20210914 12:04:11.292" endtime="20210914 12:04:11.549"/>
</kw>
<kw name="Enter password" library="LoginPage">
<arg>${DEFAULT_PASSWORD}</arg>
<kw name="Input Text data" library="BaseTest">
<arg>${password}</arg>
<arg>${pwd}</arg>
<doc>Override the keyword Input Text</doc>
<kw name="Wait Until Element Is Visible" library="SeleniumLibrary">
<arg>${selector}</arg>
<arg>${EXPLICIT_WAIT_TIMEOUT}</arg>
<doc>Waits until the element ``locator`` is visible.</doc>
<status status="PASS" starttime="20210914 12:04:11.549" endtime="20210914 12:04:11.577"/>
</kw>
<kw name="Input Text" library="SeleniumLibrary">
<arg>${selector}</arg>
<arg>${textValue}</arg>
<doc>Types the given ``text`` into the text field identified by ``locator``.</doc>
<msg timestamp="20210914 12:04:11.578" level="INFO">Typing text 'ZNN=4T:Tm$z8m+je\8VkA' into text field 'id:username_password'.</msg>
<status status="PASS" starttime="20210914 12:04:11.578" endtime="20210914 12:04:11.671"/>
</kw>
<status status="PASS" starttime="20210914 12:04:11.549" endtime="20210914 12:04:11.671"/>
</kw>
<kw name="Log" library="BuiltIn">
<arg>Type the ${pwd}</arg>
<doc>Logs the given message with the given level.</doc>
<msg timestamp="20210914 12:04:11.671" level="INFO">Type the ZNN=4T:Tm$z8m+je\8VkA</msg>
<status status="PASS" starttime="20210914 12:04:11.671" endtime="20210914 12:04:11.671"/>
</kw>
<status status="PASS" starttime="20210914 12:04:11.549" endtime="20210914 12:04:11.671"/>
</kw>
<kw name="Submit Login" library="LoginPage">
<kw name="Click Submit Button" library="BaseTest">
<arg>${loginButton}</arg>
<doc>Override the keyword Click Button</doc>
<kw name="Wait Until Element Is Visible" library="SeleniumLibrary">
<arg>${selector}</arg>
<arg>${EXPLICIT_WAIT_TIMEOUT}</arg>
<doc>Waits until the element ``locator`` is visible.</doc>
<status status="PASS" starttime="20210914 12:04:11.672" endtime="20210914 12:04:11.687"/>
</kw>
<kw name="Click Button" library="SeleniumLibrary">
<arg>${selector}</arg>
<doc>Clicks the button identified by ``locator``.</doc>
<msg timestamp="20210914 12:04:11.687" level="INFO">Clicking button 'name:Login'.</msg>
<status status="PASS" starttime="20210914 12:04:11.687" endtime="20210914 12:04:13.400"/>
</kw>
<status status="PASS" starttime="20210914 12:04:11.672" endtime="20210914 12:04:13.400"/>
</kw>
<kw name="Log" library="BuiltIn">
<arg>Click Submit button</arg>
<doc>Logs the given message with the given level.</doc>
<msg timestamp="20210914 12:04:13.401" level="INFO">Click Submit button</msg>
<status status="PASS" starttime="20210914 12:04:13.400" endtime="20210914 12:04:13.401"/>
</kw>
<status status="PASS" starttime="20210914 12:04:11.672" endtime="20210914 12:04:13.401"/>
</kw>
<status status="PASS" starttime="20210914 12:04:11.292" endtime="20210914 12:04:13.401"/>
</kw>
<status status="PASS" starttime="20210914 12:04:05.736" endtime="20210914 12:04:13.401"/>
</test>
<status status="PASS" starttime="20210914 12:04:05.607" endtime="20210914 12:04:13.402"/>
</suite>
<statistics>
<total>
<stat pass="1" fail="0" skip="0">All Tests</stat>
</total>
<tag>
</tag>
<suite>
<stat pass="1" fail="0" skip="0" id="s1" name="LoginTest">LoginTest</stat>
</suite>
</statistics>
<errors>
</errors>
</robot>
