<?xml version="1.0" encoding="UTF-8"?>
<robot generator="Robot 4.0.3 (Python 3.9.6 on darwin)" generated="20210914 18:12:00.242" rpa="false" schemaversion="2">
<suite id="s1" name="LoginTest" source="/Users/bambadia/GUI_Grudemo_SystemTest/Tests/e2e/Grudemo/LoginTest.robot">
<test id="s1-t1" name="Verify sucessfull login">
<kw name="Open Browser and Maximize it" library="BaseTest" type="SETUP">
<doc>Open the browser and Maximize it</doc>
<kw name="Open Browser" library="SeleniumLibrary">
<arg>${url.${env}}</arg>
<arg>${Browser.${BROWSER_NAME}}</arg>
<doc>Opens a new browser instance to the optional ``url``.</doc>
<msg timestamp="20210914 18:12:00.383" level="INFO">Opening browser 'chrome' to base url 'https://grudemo.communaute-capdemat.fr'.</msg>
<status status="PASS" starttime="20210914 18:12:00.379" endtime="20210914 18:12:05.883"/>
</kw>
<kw name="Maximize Browser Window" library="SeleniumLibrary">
<doc>Maximizes current browser window.</doc>
<status status="PASS" starttime="20210914 18:12:05.885" endtime="20210914 18:12:06.063"/>
</kw>
<status status="PASS" starttime="20210914 18:12:00.379" endtime="20210914 18:12:06.063"/>
</kw>
<kw name="Login with successful credentials" library="LoginPage">
<kw name="Enter username" library="LoginPage">
<arg>${DEFAULT_USERNAME}</arg>
<kw name="Input Text data" library="BaseTest">
<arg>${username}</arg>
<arg>${user-name}</arg>
<doc>Override the keyword Input Text</doc>
<kw name="Wait Until Element Is Visible" library="SeleniumLibrary">
<arg>${selector}</arg>
<arg>${EXPLICIT_WAIT_TIMEOUT}</arg>
<doc>Waits until the element ``locator`` is visible.</doc>
<status status="PASS" starttime="20210914 18:12:06.065" endtime="20210914 18:12:06.119"/>
</kw>
<kw name="Input Text" library="SeleniumLibrary">
<arg>${selector}</arg>
<arg>${textValue}</arg>
<doc>Types the given ``text`` into the text field identified by ``locator``.</doc>
<msg timestamp="20210914 18:12:06.120" level="INFO">Typing text 'agiltoo-admin' into text field 'id:user_name'.</msg>
<status status="PASS" starttime="20210914 18:12:06.119" endtime="20210914 18:12:06.337"/>
</kw>
<status status="PASS" starttime="20210914 18:12:06.065" endtime="20210914 18:12:06.337"/>
</kw>
<kw name="Log" library="BuiltIn">
<arg>Type the ${user-name}</arg>
<doc>Logs the given message with the given level.</doc>
<msg timestamp="20210914 18:12:06.338" level="INFO">Type the agiltoo-admin</msg>
<status status="PASS" starttime="20210914 18:12:06.337" endtime="20210914 18:12:06.338"/>
</kw>
<status status="PASS" starttime="20210914 18:12:06.064" endtime="20210914 18:12:06.338"/>
</kw>
<kw name="Enter password" library="LoginPage">
<arg>${DEFAULT_PASSWORD}</arg>
<kw name="Input Text data" library="BaseTest">
<arg>${password}</arg>
<arg>${pwd}</arg>
<doc>Override the keyword Input Text</doc>
<kw name="Wait Until Element Is Visible" library="SeleniumLibrary">
<arg>${selector}</arg>
<arg>${EXPLICIT_WAIT_TIMEOUT}</arg>
<doc>Waits until the element ``locator`` is visible.</doc>
<status status="PASS" starttime="20210914 18:12:06.339" endtime="20210914 18:12:06.359"/>
</kw>
<kw name="Input Text" library="SeleniumLibrary">
<arg>${selector}</arg>
<arg>${textValue}</arg>
<doc>Types the given ``text`` into the text field identified by ``locator``.</doc>
<msg timestamp="20210914 18:12:06.359" level="INFO">Typing text 'ZNN=4T:Tm$z8m+je\8VkA' into text field 'id:username_password'.</msg>
<status status="PASS" starttime="20210914 18:12:06.359" endtime="20210914 18:12:06.447"/>
</kw>
<status status="PASS" starttime="20210914 18:12:06.338" endtime="20210914 18:12:06.448"/>
</kw>
<kw name="Log" library="BuiltIn">
<arg>Type the ${pwd}</arg>
<doc>Logs the given message with the given level.</doc>
<msg timestamp="20210914 18:12:06.448" level="INFO">Type the ZNN=4T:Tm$z8m+je\8VkA</msg>
<status status="PASS" starttime="20210914 18:12:06.448" endtime="20210914 18:12:06.448"/>
</kw>
<status status="PASS" starttime="20210914 18:12:06.338" endtime="20210914 18:12:06.448"/>
</kw>
<kw name="Submit Login" library="LoginPage">
<kw name="Click Submit Button" library="BaseTest">
<arg>${loginButton}</arg>
<doc>Override the keyword Click Button</doc>
<kw name="Wait Until Element Is Visible" library="SeleniumLibrary">
<arg>${selector}</arg>
<arg>${EXPLICIT_WAIT_TIMEOUT}</arg>
<doc>Waits until the element ``locator`` is visible.</doc>
<status status="PASS" starttime="20210914 18:12:06.449" endtime="20210914 18:12:06.463"/>
</kw>
<kw name="Click Button" library="SeleniumLibrary">
<arg>${selector}</arg>
<doc>Clicks the button identified by ``locator``.</doc>
<msg timestamp="20210914 18:12:06.463" level="INFO">Clicking button 'name:Login'.</msg>
<status status="PASS" starttime="20210914 18:12:06.463" endtime="20210914 18:12:07.954"/>
</kw>
<status status="PASS" starttime="20210914 18:12:06.448" endtime="20210914 18:12:07.954"/>
</kw>
<kw name="Log" library="BuiltIn">
<arg>Click Submit button</arg>
<doc>Logs the given message with the given level.</doc>
<msg timestamp="20210914 18:12:07.955" level="INFO">Click Submit button</msg>
<status status="PASS" starttime="20210914 18:12:07.954" endtime="20210914 18:12:07.955"/>
</kw>
<status status="PASS" starttime="20210914 18:12:06.448" endtime="20210914 18:12:07.955"/>
</kw>
<status status="PASS" starttime="20210914 18:12:06.064" endtime="20210914 18:12:07.955"/>
</kw>
<kw name="Click Element" library="SeleniumLibrary">
<arg>id:with-label</arg>
<doc>Click the element identified by ``locator``.</doc>
<msg timestamp="20210914 18:12:07.955" level="INFO">Clicking element 'id:with-label'.</msg>
<status status="PASS" starttime="20210914 18:12:07.955" endtime="20210914 18:12:08.115"/>
</kw>
<kw name="Wait Until Element Is Visible" library="SeleniumLibrary">
<arg>id:logout_link</arg>
<doc>Waits until the element ``locator`` is visible.</doc>
<kw name="Capture Page Screenshot" library="SeleniumLibrary">
<doc>Takes a screenshot of the current page and embeds it into a log file.</doc>
<msg timestamp="20210914 18:12:13.386" level="INFO" html="true">&lt;/td&gt;&lt;/tr&gt;&lt;tr&gt;&lt;td colspan="3"&gt;&lt;a href="selenium-screenshot-5.png"&gt;&lt;img src="selenium-screenshot-5.png" width="800px"&gt;&lt;/a&gt;</msg>
<status status="PASS" starttime="20210914 18:12:13.153" endtime="20210914 18:12:13.386"/>
</kw>
<msg timestamp="20210914 18:12:13.388" level="FAIL">Element 'id:logout_link' not visible after 5 seconds.</msg>
<status status="FAIL" starttime="20210914 18:12:08.115" endtime="20210914 18:12:13.388"/>
</kw>
<kw name="Execute Javascript" library="SeleniumLibrary">
<arg>$("#logout_link").click();</arg>
<doc>Executes the given JavaScript code with possible arguments.</doc>
<status status="NOT RUN" starttime="20210914 18:12:13.388" endtime="20210914 18:12:13.388"/>
</kw>
<status status="FAIL" starttime="20210914 18:12:00.376" endtime="20210914 18:12:13.389">Element 'id:logout_link' not visible after 5 seconds.</status>
</test>
<status status="FAIL" starttime="20210914 18:12:00.243" endtime="20210914 18:12:13.389"/>
</suite>
<statistics>
<total>
<stat pass="0" fail="1" skip="0">All Tests</stat>
</total>
<tag>
</tag>
<suite>
<stat pass="0" fail="1" skip="0" id="s1" name="LoginTest">LoginTest</stat>
</suite>
</statistics>
<errors>
</errors>
</robot>
